/COM,ANSYS RELEASE 2021 R2           BUILD 21.2      UP20210601       20:08:01

 *** WARNING ***                         CP =       0.391   TIME= 20:08:09
 Temperature-dependent properties have not been specified.  The          
 THOPT,QUASI option does not perform equilibrium iterations.  Small      
 time steps may be required to obtain accurate results.                  

 *** WARNING ***                         CP =       0.484   TIME= 20:08:09
 Element shape checking is currently inactive.  Issue SHPP,ON or         
 SHPP,WARN to reactivate, if desired.                                    

 *** WARNING ***                         CP =       0.516   TIME= 20:08:09
 Material number 2 (used by element 4771) should normally have at least  
 one MP or one TB type command associated with it.  Output of energy by  
 material may not be available.                                          

 *** WARNING ***                         CP =       2.422   TIME= 20:08:11
 Material number 2 (used by element 4771) should normally have at least  
 one MP or one TB type command associated with it.  Output of energy by  
 material may not be available.                                          

 *** WARNING ***                         CP =       4.000   TIME= 20:08:12
 Material number 2 (used by element 4771) should normally have at least  
 one MP or one TB type command associated with it.  Output of energy by  
 material may not be available.                                          

 *** WARNING ***                         CP =       5.375   TIME= 20:08:14
 Material number 2 (used by element 4771) should normally have at least  
 one MP or one TB type command associated with it.  Output of energy by  
 material may not be available.                                          

 *** WARNING ***                         CP =       6.922   TIME= 20:08:16
 Material number 2 (used by element 4771) should normally have at least  
 one MP or one TB type command associated with it.  Output of energy by  
 material may not be available.                                          
